<?xml version="1.0" encoding="UTF-8"?>
<!-- Generated by org.testng.reporters.JUnitXMLReporter -->
<testsuite hostname="DESKTOP-RKIIGUA" ignored="0" name="Default test" tests="3" failures="0" timestamp="08 Jan 2023 04:57:07 GMT" time="37.849" errors="0">
  <testcase name="loginPageTitleTest" time="0.019" classname="com.crm.qa.testCases.LoginTest"/>
  <testcase name="CRMLogoImageTest" time="0.085" classname="com.crm.qa.testCases.LoginTest"/>
  <testcase name="loginTest" time="7.633" classname="com.crm.qa.testCases.LoginTest"/>
</testsuite> <!-- Default test -->
