<?xml version="1.0" encoding="UTF-8"?>
<!-- Generated by org.testng.reporters.JUnitXMLReporter -->
<testsuite ignored="0" hostname="DESKTOP-PV6B69F" failures="0" tests="3" name="Default test" time="17.14" errors="0" timestamp="2023-07-04T00:37:36 IST">
  <testcase classname="com.crm.qa.testCases.LoginTest" name="loginPageTitleTest" time="0.044"/>
  <testcase classname="com.crm.qa.testCases.LoginTest" name="CRMLogoImageTest" time="0.136"/>
  <testcase classname="com.crm.qa.testCases.LoginTest" name="loginTest" time="5.616"/>
</testsuite> <!-- Default test -->
