<?xml version="1.0" encoding="UTF-8"?>
<!-- Generated by org.testng.reporters.JUnitXMLReporter -->
<testsuite hostname="DESKTOP-RKIIGUA" ignored="0" name="Test" tests="3" failures="0" timestamp="08 Jan 2023 05:27:51 GMT" time="39.317" errors="0">
  <testcase name="loginPageTitleTest" time="0.018" classname="com.crm.qa.testCases.LoginTest"/>
  <testcase name="CRMLogoImageTest" time="0.085" classname="com.crm.qa.testCases.LoginTest"/>
  <testcase name="loginTest" time="7.697" classname="com.crm.qa.testCases.LoginTest"/>
</testsuite> <!-- Test -->
