<?xml version="1.0" encoding="UTF-8"?>
<!-- Generated by org.testng.reporters.JUnitXMLReporter -->
<testsuite hostname="DESKTOP-RKIIGUA" ignored="0" name="Test" tests="3" failures="0" timestamp="2023-02-06T20:08:37 IST" time="39.092" errors="0">
  <testcase name="loginPageTitleTest" time="0.019" classname="com.crm.qa.testCases.LoginTest"/>
  <testcase name="CRMLogoImageTest" time="0.123" classname="com.crm.qa.testCases.LoginTest"/>
  <testcase name="loginTest" time="6.311" classname="com.crm.qa.testCases.LoginTest"/>
</testsuite> <!-- Test -->
