<?xml version="1.0" encoding="UTF-8"?>
<!-- Generated by org.testng.reporters.JUnitXMLReporter -->
<testsuite ignored="0" hostname="DESKTOP-RKIIGUA" failures="0" tests="3" name="Test" time="25.138" errors="0" timestamp="2023-01-16T19:58:42 IST">
  <testcase classname="com.crm.qa.testCases.LoginTest" name="loginPageTitleTest" time="0.028"/>
  <testcase classname="com.crm.qa.testCases.LoginTest" name="CRMLogoImageTest" time="0.102"/>
  <testcase classname="com.crm.qa.testCases.LoginTest" name="loginTest" time="5.328"/>
</testsuite> <!-- Test -->
