<?xml version="1.0" encoding="UTF-8"?>
<testng-results ignored="0" total="3" passed="3" failed="0" skipped="0">
  <reporter-output>
  </reporter-output>
  <suite started-at="2023-01-16T19:58:16 IST" name="Suite" finished-at="2023-01-16T19:58:42 IST" duration-ms="25138">
    <groups>
    </groups>
    <test started-at="2023-01-16T19:58:16 IST" name="Test" finished-at="2023-01-16T19:58:42 IST" duration-ms="25138">
      <class name="com.crm.qa.testCases.LoginTest">
        <test-method is-config="true" signature="setUp()[pri:0, instance:com.crm.qa.testCases.LoginTest@19d37183]" started-at="2023-01-16T19:58:16 IST" name="setUp" finished-at="2023-01-16T19:58:24 IST" duration-ms="7231" status="PASS">
          <reporter-output>
          </reporter-output>
        </test-method> <!-- setUp -->
        <test-method signature="loginPageTitleTest()[pri:1, instance:com.crm.qa.testCases.LoginTest@19d37183]" started-at="2023-01-16T19:58:24 IST" name="loginPageTitleTest" finished-at="2023-01-16T19:58:24 IST" duration-ms="28" status="PASS">
          <reporter-output>
          </reporter-output>
        </test-method> <!-- loginPageTitleTest -->
        <test-method is-config="true" signature="tearDown()[pri:0, instance:com.crm.qa.testCases.LoginTest@19d37183]" started-at="2023-01-16T19:58:24 IST" name="tearDown" finished-at="2023-01-16T19:58:24 IST" duration-ms="294" status="PASS">
          <reporter-output>
          </reporter-output>
        </test-method> <!-- tearDown -->
        <test-method is-config="true" signature="setUp()[pri:0, instance:com.crm.qa.testCases.LoginTest@19d37183]" started-at="2023-01-16T19:58:24 IST" name="setUp" finished-at="2023-01-16T19:58:30 IST" duration-ms="5821" status="PASS">
          <reporter-output>
          </reporter-output>
        </test-method> <!-- setUp -->
        <test-method signature="CRMLogoImageTest()[pri:2, instance:com.crm.qa.testCases.LoginTest@19d37183]" started-at="2023-01-16T19:58:30 IST" name="CRMLogoImageTest" finished-at="2023-01-16T19:58:30 IST" duration-ms="102" status="PASS">
          <reporter-output>
          </reporter-output>
        </test-method> <!-- CRMLogoImageTest -->
        <test-method is-config="true" signature="tearDown()[pri:0, instance:com.crm.qa.testCases.LoginTest@19d37183]" started-at="2023-01-16T19:58:30 IST" name="tearDown" finished-at="2023-01-16T19:58:30 IST" duration-ms="314" status="PASS">
          <reporter-output>
          </reporter-output>
        </test-method> <!-- tearDown -->
        <test-method is-config="true" signature="setUp()[pri:0, instance:com.crm.qa.testCases.LoginTest@19d37183]" started-at="2023-01-16T19:58:30 IST" name="setUp" finished-at="2023-01-16T19:58:36 IST" duration-ms="5803" status="PASS">
          <reporter-output>
          </reporter-output>
        </test-method> <!-- setUp -->
        <test-method signature="loginTest()[pri:3, instance:com.crm.qa.testCases.LoginTest@19d37183]" started-at="2023-01-16T19:58:36 IST" name="loginTest" finished-at="2023-01-16T19:58:41 IST" duration-ms="5328" status="PASS">
          <reporter-output>
          </reporter-output>
        </test-method> <!-- loginTest -->
        <test-method is-config="true" signature="tearDown()[pri:0, instance:com.crm.qa.testCases.LoginTest@19d37183]" started-at="2023-01-16T19:58:41 IST" name="tearDown" finished-at="2023-01-16T19:58:42 IST" duration-ms="165" status="PASS">
          <reporter-output>
          </reporter-output>
        </test-method> <!-- tearDown -->
      </class> <!-- com.crm.qa.testCases.LoginTest -->
    </test> <!-- Test -->
  </suite> <!-- Suite -->
</testng-results>
