<?xml version="1.0" encoding="UTF-8"?>
<testng-results skipped="0" failed="0" ignored="0" total="3" passed="3">
  <reporter-output>
  </reporter-output>
  <suite name="Suite" duration-ms="39092" started-at="2023-02-06T20:07:58 IST" finished-at="2023-02-06T20:08:37 IST">
    <groups>
    </groups>
    <test name="Test" duration-ms="39092" started-at="2023-02-06T20:07:58 IST" finished-at="2023-02-06T20:08:37 IST">
      <class name="com.crm.qa.testCases.LoginTest">
        <test-method status="PASS" signature="setUp()[pri:0, instance:com.crm.qa.testCases.LoginTest@6b09bb57]" name="setUp" is-config="true" duration-ms="10277" started-at="2023-02-06T20:07:58 IST" finished-at="2023-02-06T20:08:08 IST">
          <reporter-output>
          </reporter-output>
        </test-method> <!-- setUp -->
        <test-method status="PASS" signature="loginPageTitleTest()[pri:1, instance:com.crm.qa.testCases.LoginTest@6b09bb57]" name="loginPageTitleTest" duration-ms="19" started-at="2023-02-06T20:08:08 IST" finished-at="2023-02-06T20:08:08 IST">
          <reporter-output>
          </reporter-output>
        </test-method> <!-- loginPageTitleTest -->
        <test-method status="PASS" signature="tearDown()[pri:0, instance:com.crm.qa.testCases.LoginTest@6b09bb57]" name="tearDown" is-config="true" duration-ms="897" started-at="2023-02-06T20:08:08 IST" finished-at="2023-02-06T20:08:09 IST">
          <reporter-output>
          </reporter-output>
        </test-method> <!-- tearDown -->
        <test-method status="PASS" signature="setUp()[pri:0, instance:com.crm.qa.testCases.LoginTest@6b09bb57]" name="setUp" is-config="true" duration-ms="11010" started-at="2023-02-06T20:08:09 IST" finished-at="2023-02-06T20:08:20 IST">
          <reporter-output>
          </reporter-output>
        </test-method> <!-- setUp -->
        <test-method status="PASS" signature="CRMLogoImageTest()[pri:2, instance:com.crm.qa.testCases.LoginTest@6b09bb57]" name="CRMLogoImageTest" duration-ms="123" started-at="2023-02-06T20:08:20 IST" finished-at="2023-02-06T20:08:20 IST">
          <reporter-output>
          </reporter-output>
        </test-method> <!-- CRMLogoImageTest -->
        <test-method status="PASS" signature="tearDown()[pri:0, instance:com.crm.qa.testCases.LoginTest@6b09bb57]" name="tearDown" is-config="true" duration-ms="849" started-at="2023-02-06T20:08:20 IST" finished-at="2023-02-06T20:08:21 IST">
          <reporter-output>
          </reporter-output>
        </test-method> <!-- tearDown -->
        <test-method status="PASS" signature="setUp()[pri:0, instance:com.crm.qa.testCases.LoginTest@6b09bb57]" name="setUp" is-config="true" duration-ms="8810" started-at="2023-02-06T20:08:21 IST" finished-at="2023-02-06T20:08:30 IST">
          <reporter-output>
          </reporter-output>
        </test-method> <!-- setUp -->
        <test-method status="PASS" signature="loginTest()[pri:3, instance:com.crm.qa.testCases.LoginTest@6b09bb57]" name="loginTest" duration-ms="6311" started-at="2023-02-06T20:08:30 IST" finished-at="2023-02-06T20:08:36 IST">
          <reporter-output>
          </reporter-output>
        </test-method> <!-- loginTest -->
        <test-method status="PASS" signature="tearDown()[pri:0, instance:com.crm.qa.testCases.LoginTest@6b09bb57]" name="tearDown" is-config="true" duration-ms="738" started-at="2023-02-06T20:08:36 IST" finished-at="2023-02-06T20:08:37 IST">
          <reporter-output>
          </reporter-output>
        </test-method> <!-- tearDown -->
      </class> <!-- com.crm.qa.testCases.LoginTest -->
    </test> <!-- Test -->
  </suite> <!-- Suite -->
</testng-results>
