<?xml version="1.0" encoding="UTF-8"?>
<testng-results skipped="0" failed="0" ignored="0" total="3" passed="3">
  <reporter-output>
  </reporter-output>
  <suite name="Suite" duration-ms="39317" started-at="2023-01-08T05:27:11Z" finished-at="2023-01-08T05:27:51Z">
    <groups>
    </groups>
    <test name="Test" duration-ms="39317" started-at="2023-01-08T05:27:11Z" finished-at="2023-01-08T05:27:51Z">
      <class name="com.crm.qa.testCases.LoginTest">
        <test-method status="PASS" signature="setUp()[pri:0, instance:com.crm.qa.testCases.LoginTest@4b9e13df]" name="setUp" is-config="true" duration-ms="11047" started-at="2023-01-08T05:27:11Z" finished-at="2023-01-08T05:27:22Z">
          <reporter-output>
          </reporter-output>
        </test-method> <!-- setUp -->
        <test-method status="PASS" signature="loginPageTitleTest()[pri:1, instance:com.crm.qa.testCases.LoginTest@4b9e13df]" name="loginPageTitleTest" duration-ms="18" started-at="2023-01-08T05:27:22Z" finished-at="2023-01-08T05:27:22Z">
          <reporter-output>
          </reporter-output>
        </test-method> <!-- loginPageTitleTest -->
        <test-method status="PASS" signature="tearDown()[pri:0, instance:com.crm.qa.testCases.LoginTest@4b9e13df]" name="tearDown" is-config="true" duration-ms="873" started-at="2023-01-08T05:27:22Z" finished-at="2023-01-08T05:27:23Z">
          <reporter-output>
          </reporter-output>
        </test-method> <!-- tearDown -->
        <test-method status="PASS" signature="setUp()[pri:0, instance:com.crm.qa.testCases.LoginTest@4b9e13df]" name="setUp" is-config="true" duration-ms="9731" started-at="2023-01-08T05:27:23Z" finished-at="2023-01-08T05:27:33Z">
          <reporter-output>
          </reporter-output>
        </test-method> <!-- setUp -->
        <test-method status="PASS" signature="CRMLogoImageTest()[pri:2, instance:com.crm.qa.testCases.LoginTest@4b9e13df]" name="CRMLogoImageTest" duration-ms="85" started-at="2023-01-08T05:27:33Z" finished-at="2023-01-08T05:27:33Z">
          <reporter-output>
          </reporter-output>
        </test-method> <!-- CRMLogoImageTest -->
        <test-method status="PASS" signature="tearDown()[pri:0, instance:com.crm.qa.testCases.LoginTest@4b9e13df]" name="tearDown" is-config="true" duration-ms="858" started-at="2023-01-08T05:27:33Z" finished-at="2023-01-08T05:27:34Z">
          <reporter-output>
          </reporter-output>
        </test-method> <!-- tearDown -->
        <test-method status="PASS" signature="setUp()[pri:0, instance:com.crm.qa.testCases.LoginTest@4b9e13df]" name="setUp" is-config="true" duration-ms="8169" started-at="2023-01-08T05:27:34Z" finished-at="2023-01-08T05:27:42Z">
          <reporter-output>
          </reporter-output>
        </test-method> <!-- setUp -->
        <test-method status="PASS" signature="loginTest()[pri:3, instance:com.crm.qa.testCases.LoginTest@4b9e13df]" name="loginTest" duration-ms="7697" started-at="2023-01-08T05:27:42Z" finished-at="2023-01-08T05:27:50Z">
          <reporter-output>
          </reporter-output>
        </test-method> <!-- loginTest -->
        <test-method status="PASS" signature="tearDown()[pri:0, instance:com.crm.qa.testCases.LoginTest@4b9e13df]" name="tearDown" is-config="true" duration-ms="795" started-at="2023-01-08T05:27:50Z" finished-at="2023-01-08T05:27:51Z">
          <reporter-output>
          </reporter-output>
        </test-method> <!-- tearDown -->
      </class> <!-- com.crm.qa.testCases.LoginTest -->
    </test> <!-- Test -->
  </suite> <!-- Suite -->
</testng-results>
