<?xml version="1.0" encoding="UTF-8"?>
<testng-results ignored="0" total="3" passed="3" failed="0" skipped="0">
  <reporter-output>
  </reporter-output>
  <suite started-at="2023-07-04T00:37:18 IST" name="Default suite" finished-at="2023-07-04T00:37:36 IST" duration-ms="17140">
    <groups>
    </groups>
    <test started-at="2023-07-04T00:37:18 IST" name="Default test" finished-at="2023-07-04T00:37:36 IST" duration-ms="17140">
      <class name="com.crm.qa.testCases.LoginTest">
        <test-method is-config="true" signature="setUp()[pri:0, instance:com.crm.qa.testCases.LoginTest@1b6e1eff]" started-at="2023-07-04T00:37:18 IST" name="setUp" finished-at="2023-07-04T00:37:22 IST" duration-ms="3943" status="PASS">
          <reporter-output>
          </reporter-output>
        </test-method> <!-- setUp -->
        <test-method signature="loginPageTitleTest()[pri:1, instance:com.crm.qa.testCases.LoginTest@1b6e1eff]" started-at="2023-07-04T00:37:22 IST" name="loginPageTitleTest" finished-at="2023-07-04T00:37:22 IST" duration-ms="44" status="PASS">
          <reporter-output>
          </reporter-output>
        </test-method> <!-- loginPageTitleTest -->
        <test-method is-config="true" signature="tearDown()[pri:0, instance:com.crm.qa.testCases.LoginTest@1b6e1eff]" started-at="2023-07-04T00:37:22 IST" name="tearDown" finished-at="2023-07-04T00:37:23 IST" duration-ms="236" status="PASS">
          <reporter-output>
          </reporter-output>
        </test-method> <!-- tearDown -->
        <test-method is-config="true" signature="setUp()[pri:0, instance:com.crm.qa.testCases.LoginTest@1b6e1eff]" started-at="2023-07-04T00:37:23 IST" name="setUp" finished-at="2023-07-04T00:37:26 IST" duration-ms="3436" status="PASS">
          <reporter-output>
          </reporter-output>
        </test-method> <!-- setUp -->
        <test-method signature="CRMLogoImageTest()[pri:2, instance:com.crm.qa.testCases.LoginTest@1b6e1eff]" started-at="2023-07-04T00:37:26 IST" name="CRMLogoImageTest" finished-at="2023-07-04T00:37:26 IST" duration-ms="136" status="PASS">
          <reporter-output>
          </reporter-output>
        </test-method> <!-- CRMLogoImageTest -->
        <test-method is-config="true" signature="tearDown()[pri:0, instance:com.crm.qa.testCases.LoginTest@1b6e1eff]" started-at="2023-07-04T00:37:26 IST" name="tearDown" finished-at="2023-07-04T00:37:26 IST" duration-ms="219" status="PASS">
          <reporter-output>
          </reporter-output>
        </test-method> <!-- tearDown -->
        <test-method is-config="true" signature="setUp()[pri:0, instance:com.crm.qa.testCases.LoginTest@1b6e1eff]" started-at="2023-07-04T00:37:26 IST" name="setUp" finished-at="2023-07-04T00:37:30 IST" duration-ms="3241" status="PASS">
          <reporter-output>
          </reporter-output>
        </test-method> <!-- setUp -->
        <test-method signature="loginTest()[pri:3, instance:com.crm.qa.testCases.LoginTest@1b6e1eff]" started-at="2023-07-04T00:37:30 IST" name="loginTest" finished-at="2023-07-04T00:37:35 IST" duration-ms="5616" status="PASS">
          <reporter-output>
          </reporter-output>
        </test-method> <!-- loginTest -->
        <test-method is-config="true" signature="tearDown()[pri:0, instance:com.crm.qa.testCases.LoginTest@1b6e1eff]" started-at="2023-07-04T00:37:35 IST" name="tearDown" finished-at="2023-07-04T00:37:36 IST" duration-ms="209" status="PASS">
          <reporter-output>
          </reporter-output>
        </test-method> <!-- tearDown -->
      </class> <!-- com.crm.qa.testCases.LoginTest -->
    </test> <!-- Default test -->
  </suite> <!-- Default suite -->
</testng-results>
